23/10/22 20:39 [devmon]: [0;37m    INFO[0m: [line: 585] Read OID: [id: None or range: None], index: [1], value: [86.94], watermark: [WaterMark(low=80, high=100, restricted=True)]
23/10/22 20:39 [devmon]: [0;37m    INFO[0m: [line: 585] Read OID: [id: None or range: None], index: [31], value: [83.77], watermark: [WaterMark(low=80, high=100, restricted=True)]
23/10/22 20:39 [devmon]: [0;37m    INFO[0m: [line: 585] Read OID: [id: None or range: None], index: [32], value: [98.0], watermark: [WaterMark(low=80, high=100, restricted=True)]
23/10/22 20:39 [devmon]: [0;37m    INFO[0m: [line: 585] Read OID: [id: None or range: None], index: [33], value: [83.77], watermark: [WaterMark(low=80, high=100, restricted=True)]
23/10/22 20:39 [devmon]: [0;37m    INFO[0m: [line: 585] Read OID: [id: None or range: None], index: [34], value: [83.77], watermark: [WaterMark(low=80, high=100, restricted=True)]
23/10/22 20:39 [devmon]: [0;37m    INFO[0m: [line: 585] Read OID: [id: None or range: None], index: [35], value: [83.77], watermark: [WaterMark(low=80, high=100, restricted=True)]
23/10/22 20:39 [devmon]: [0;37m    INFO[0m: [line: 585] Read OID: [id: None or range: None], index: [36], value: [83.77], watermark: [WaterMark(low=80, high=100, restricted=True)]
23/10/22 20:39 [devmon]: [0;37m    INFO[0m: [line: 585] Read OID: [id: None or range: None], index: [38], value: [91.6], watermark: [WaterMark(low=80, high=100, restricted=True)]
23/10/22 20:39 [devmon]: [0;37m    INFO[0m: [line: 594] Read OID: [id: SNMPv2-MIB::sysName.0 or range: None, index 0, value: MacHome.local, related symbol: None, threshold: MacHome.local]
23/10/22 20:39 [devmon]: [0;37m    INFO[0m: [line: 594] Read OID: [id: HOST-RESOURCES-MIB::hrMemorySize.0 or range: None, index 0, value: 16777216, related symbol: None, threshold: 16777216]
23/10/22 20:39 [devmon]: [0;37m    INFO[0m: [line: 594] Read OID: [id: None or range: IDRange(start='IF-MIB::ifOperStatus.1', end=None, count=31), index 5, value: down(2), related symbol: XHC1, threshold: up(1)]
23/10/22 20:39 [devmon]: [0;37m    INFO[0m: [line: 594] Read OID: [id: None or range: IDRange(start='IF-MIB::ifOperStatus.1', end=None, count=31), index 2, value: down(2), related symbol: gif0, threshold: up(1)]
23/10/22 20:39 [devmon]: [0;37m    INFO[0m: [line: 594] Read OID: [id: None or range: IDRange(start='IF-MIB::ifOperStatus.1', end=None, count=31), index 1, value: up(1), related symbol: lo0, threshold: up(1)]
23/10/22 20:39 [devmon]: [0;37m    INFO[0m: [line: 594] Read OID: [id: None or range: IDRange(start='IF-MIB::ifOperStatus.1', end=None, count=31), index 20, value: up(1), related symbol: bridge0, threshold: up(1)]
23/10/22 20:39 [devmon]: [0;37m    INFO[0m: [line: 594] Read OID: [id: None or range: IDRange(start='IF-MIB::ifOperStatus.1', end=None, count=31), index 4, value: down(2), related symbol: XHC20, threshold: up(1)]
23/10/22 20:39 [devmon]: [0;37m    INFO[0m: [line: 594] Read OID: [id: None or range: IDRange(start='IF-MIB::ifOperStatus.1', end=None, count=31), index 8, value: up(1), related symbol: en5, threshold: up(1)]
23/10/22 20:39 [devmon]: [0;37m    INFO[0m: [line: 594] Read OID: [id: None or range: IDRange(start='IF-MIB::ifOperStatus.1', end=None, count=31), index 14, value: up(1), related symbol: awdl0, threshold: up(1)]
23/10/22 20:39 [devmon]: [0;37m    INFO[0m: [line: 594] Read OID: [id: None or range: IDRange(start='IF-MIB::ifOperStatus.1', end=None, count=31), index 27, value: up(1), related symbol: utun6, threshold: up(1)]
23/10/22 20:39 [devmon]: [0;37m    INFO[0m: [line: 594] Read OID: [id: None or range: IDRange(start='IF-MIB::ifOperStatus.1', end=None, count=31), index 10, value: up(1), related symbol: en6, threshold: up(1)]
23/10/22 20:39 [devmon]: [0;37m    INFO[0m: [line: 594] Read OID: [id: None or range: IDRange(start='IF-MIB::ifOperStatus.1', end=None, count=31), index 3, value: down(2), related symbol: stf0, threshold: up(1)]
23/10/22 20:39 [devmon]: [0;37m    INFO[0m: [line: 594] Read OID: [id: None or range: IDRange(start='IF-MIB::ifOperStatus.1', end=None, count=31), index 19, value: up(1), related symbol: en4, threshold: up(1)]
23/10/22 20:39 [devmon]: [0;37m    INFO[0m: [line: 594] Read OID: [id: None or range: IDRange(start='IF-MIB::ifOperStatus.1', end=None, count=31), index 9, value: up(1), related symbol: en17, threshold: up(1)]
23/10/22 20:39 [devmon]: [0;37m    INFO[0m: [line: 594] Read OID: [id: None or range: IDRange(start='IF-MIB::ifOperStatus.1', end=None, count=31), index 7, value: down(2), related symbol: VHC128, threshold: up(1)]
23/10/22 20:39 [devmon]: [0;37m    INFO[0m: [line: 594] Read OID: [id: None or range: IDRange(start='IF-MIB::ifOperStatus.1', end=None, count=31), index 29, value: up(1), related symbol: utun8, threshold: up(1)]
23/10/22 20:39 [devmon]: [0;37m    INFO[0m: [line: 594] Read OID: [id: None or range: IDRange(start='IF-MIB::ifOperStatus.1', end=None, count=31), index 11, value: up(1), related symbol: en31, threshold: up(1)]
23/10/22 20:39 [devmon]: [0;37m    INFO[0m: [line: 594] Read OID: [id: None or range: IDRange(start='IF-MIB::ifOperStatus.1', end=None, count=31), index 21, value: up(1), related symbol: utun0, threshold: up(1)]
23/10/22 20:39 [devmon]: [0;37m    INFO[0m: [line: 594] Read OID: [id: None or range: IDRange(start='IF-MIB::ifOperStatus.1', end=None, count=31), index 16, value: up(1), related symbol: en2, threshold: up(1)]
23/10/22 20:39 [devmon]: [0;37m    INFO[0m: [line: 594] Read OID: [id: None or range: IDRange(start='IF-MIB::ifOperStatus.1', end=None, count=31), index 30, value: up(1), related symbol: utun9, threshold: up(1)]
23/10/22 20:39 [devmon]: [0;37m    INFO[0m: [line: 594] Read OID: [id: None or range: IDRange(start='IF-MIB::ifOperStatus.1', end=None, count=31), index 6, value: down(2), related symbol: XHC0, threshold: up(1)]
23/10/22 20:39 [devmon]: [0;37m    INFO[0m: [line: 594] Read OID: [id: None or range: IDRange(start='IF-MIB::ifOperStatus.1', end=None, count=31), index 24, value: up(1), related symbol: utun3, threshold: up(1)]
23/10/22 20:39 [devmon]: [0;37m    INFO[0m: [line: 594] Read OID: [id: None or range: IDRange(start='IF-MIB::ifOperStatus.1', end=None, count=31), index 13, value: up(1), related symbol: en0, threshold: up(1)]
23/10/22 20:39 [devmon]: [0;37m    INFO[0m: [line: 594] Read OID: [id: None or range: IDRange(start='IF-MIB::ifOperStatus.1', end=None, count=31), index 28, value: up(1), related symbol: utun7, threshold: up(1)]
23/10/22 20:39 [devmon]: [0;37m    INFO[0m: [line: 594] Read OID: [id: None or range: IDRange(start='IF-MIB::ifOperStatus.1', end=None, count=31), index 12, value: down(2), related symbol: ap1, threshold: up(1)]
23/10/22 20:39 [devmon]: [0;37m    INFO[0m: [line: 594] Read OID: [id: None or range: IDRange(start='IF-MIB::ifOperStatus.1', end=None, count=31), index 26, value: up(1), related symbol: utun5, threshold: up(1)]
23/10/22 20:39 [devmon]: [0;37m    INFO[0m: [line: 594] Read OID: [id: None or range: IDRange(start='IF-MIB::ifOperStatus.1', end=None, count=31), index 22, value: up(1), related symbol: utun1, threshold: up(1)]
23/10/22 20:39 [devmon]: [0;37m    INFO[0m: [line: 594] Read OID: [id: None or range: IDRange(start='IF-MIB::ifOperStatus.1', end=None, count=31), index 15, value: up(1), related symbol: llw0, threshold: up(1)]
23/10/22 20:39 [devmon]: [0;37m    INFO[0m: [line: 594] Read OID: [id: None or range: IDRange(start='IF-MIB::ifOperStatus.1', end=None, count=31), index 17, value: up(1), related symbol: en3, threshold: up(1)]
23/10/22 20:39 [devmon]: [0;37m    INFO[0m: [line: 594] Read OID: [id: None or range: IDRange(start='IF-MIB::ifOperStatus.1', end=None, count=31), index 23, value: up(1), related symbol: utun2, threshold: up(1)]
23/10/22 20:39 [devmon]: [0;37m    INFO[0m: [line: 594] Read OID: [id: None or range: IDRange(start='IF-MIB::ifOperStatus.1', end=None, count=31), index 18, value: up(1), related symbol: en1, threshold: up(1)]
23/10/22 20:39 [devmon]: [0;37m    INFO[0m: [line: 594] Read OID: [id: None or range: IDRange(start='IF-MIB::ifOperStatus.1', end=None, count=31), index 25, value: up(1), related symbol: utun4, threshold: up(1)]
23/10/23 19:06 [devmon]: [0;37m    INFO[0m: [line: 872] All A side snmp agents checked, spent 4.22 seconds.
23/10/23 19:06 [devmon]: [0;37m    INFO[0m: [line: 399] Update exist case [None] [<pymongo.results.UpdateResult object at 0x1074d9ab0>]
23/10/23 19:06 [devmon]: [0;37m    INFO[0m: [line: 399] Update exist case [None] [<pymongo.results.UpdateResult object at 0x1074d9990>]
23/10/23 19:06 [devmon]: [0;37m    INFO[0m: [line: 399] Update exist case [None] [<pymongo.results.UpdateResult object at 0x1074dbf40>]
23/10/23 19:06 [devmon]: [0;37m    INFO[0m: [line: 399] Update exist case [None] [<pymongo.results.UpdateResult object at 0x1074d9a20>]
23/10/23 19:06 [devmon]: [0;37m    INFO[0m: [line: 399] Update exist case [None] [<pymongo.results.UpdateResult object at 0x1074d9b40>]
23/10/23 19:06 [devmon]: [0;37m    INFO[0m: [line: 399] Update exist case [None] [<pymongo.results.UpdateResult object at 0x107ceb8b0>]
23/10/23 19:06 [devmon]: [0;37m    INFO[0m: [line: 399] Update exist case [None] [<pymongo.results.UpdateResult object at 0x1074d9e70>]
23/10/23 19:06 [devmon]: [0;37m    INFO[0m: [line: 399] Update exist case [None] [<pymongo.results.UpdateResult object at 0x1074da350>]
23/10/23 19:06 [devmon]: [0;37m    INFO[0m: [line: 399] Update exist case [None] [<pymongo.results.UpdateResult object at 0x1074da530>]
23/10/23 19:06 [devmon]: [0;37m    INFO[0m: [line: 399] Update exist case [None] [<pymongo.results.UpdateResult object at 0x107493250>]
23/10/23 19:06 [devmon]: [0;37m    INFO[0m: [line: 399] Update exist case [None] [<pymongo.results.UpdateResult object at 0x107521120>]
23/10/23 19:06 [devmon]: [0;37m    INFO[0m: [line: 399] Update exist case [None] [<pymongo.results.UpdateResult object at 0x107493640>]
23/10/23 19:06 [devmon]: [0;37m    INFO[0m: [line: 399] Update exist case [None] [<pymongo.results.UpdateResult object at 0x1074db2b0>]
23/10/23 19:06 [devmon]: [0;37m    INFO[0m: [line: 399] Update exist case [None] [<pymongo.results.UpdateResult object at 0x107493d60>]
23/10/23 19:06 [devmon]: [0;37m    INFO[0m: [line: 399] Update exist case [None] [<pymongo.results.UpdateResult object at 0x1074db8b0>]
23/10/23 19:06 [devmon]: [0;37m    INFO[0m: [line: 399] Update exist case [None] [<pymongo.results.UpdateResult object at 0x1075200a0>]
23/10/23 19:06 [devmon]: [0;37m    INFO[0m: [line: 399] Update exist case [None] [<pymongo.results.UpdateResult object at 0x107520a60>]
23/10/23 19:06 [devmon]: [0;37m    INFO[0m: [line: 399] Update exist case [None] [<pymongo.results.UpdateResult object at 0x1077d4070>]
23/10/23 19:06 [devmon]: [0;37m    INFO[0m: [line: 399] Update exist case [None] [<pymongo.results.UpdateResult object at 0x1075221a0>]
23/10/23 19:06 [devmon]: [0;37m    INFO[0m: [line: 399] Update exist case [None] [<pymongo.results.UpdateResult object at 0x1074d8310>]
23/10/23 19:06 [devmon]: [0;37m    INFO[0m: [line: 399] Update exist case [None] [<pymongo.results.UpdateResult object at 0x107531210>]
23/10/23 19:06 [devmon]: [0;37m    INFO[0m: [line: 399] Update exist case [None] [<pymongo.results.UpdateResult object at 0x1075207f0>]
23/10/23 19:06 [devmon]: [0;37m    INFO[0m: [line: 399] Update exist case [None] [<pymongo.results.UpdateResult object at 0x1075316f0>]
23/10/23 19:06 [devmon]: [0;37m    INFO[0m: [line: 399] Update exist case [None] [<pymongo.results.UpdateResult object at 0x1074d9ed0>]
23/10/23 19:06 [devmon]: [0;37m    INFO[0m: [line: 399] Update exist case [None] [<pymongo.results.UpdateResult object at 0x1074da980>]
23/10/23 19:06 [devmon]: [0;37m    INFO[0m: [line: 399] Update exist case [None] [<pymongo.results.UpdateResult object at 0x1074d95a0>]
23/10/23 19:06 [devmon]: [0;37m    INFO[0m: [line: 399] Update exist case [None] [<pymongo.results.UpdateResult object at 0x107555630>]
23/10/23 19:06 [devmon]: [0;37m    INFO[0m: [line: 399] Update exist case [None] [<pymongo.results.UpdateResult object at 0x1074da020>]
23/10/23 19:06 [devmon]: [0;37m    INFO[0m: [line: 399] Update exist case [None] [<pymongo.results.UpdateResult object at 0x1075324a0>]
23/10/23 19:06 [devmon]: [0;37m    INFO[0m: [line: 399] Update exist case [None] [<pymongo.results.UpdateResult object at 0x1077d60b0>]
23/10/23 19:06 [devmon]: [0;37m    INFO[0m: [line: 399] Update exist case [None] [<pymongo.results.UpdateResult object at 0x107cc9930>]
23/10/23 19:06 [devmon]: [0;37m    INFO[0m: [line: 399] Update exist case [None] [<pymongo.results.UpdateResult object at 0x1074dba90>]
23/10/23 19:06 [devmon]: [0;37m    INFO[0m: [line: 399] Update exist case [None] [<pymongo.results.UpdateResult object at 0x1074db940>]
23/10/23 19:06 [devmon]: [0;37m    INFO[0m: [line: 399] Update exist case [None] [<pymongo.results.UpdateResult object at 0x107d144c0>]
23/10/23 19:06 [devmon]: [0;37m    INFO[0m: [line: 399] Update exist case [None] [<pymongo.results.UpdateResult object at 0x107521600>]
23/10/23 19:06 [devmon]: [0;37m    INFO[0m: [line: 399] Update exist case [None] [<pymongo.results.UpdateResult object at 0x1074936d0>]
23/10/23 19:06 [devmon]: [0;37m    INFO[0m: [line: 399] Update exist case [None] [<pymongo.results.UpdateResult object at 0x1074dada0>]
23/10/23 19:06 [devmon]: [0;37m    INFO[0m: [line: 399] Update exist case [None] [<pymongo.results.UpdateResult object at 0x107523580>]
23/10/23 19:06 [devmon]: [0;37m    INFO[0m: [line: 399] Update exist case [None] [<pymongo.results.UpdateResult object at 0x1074db100>]
23/10/23 19:06 [devmon]: [0;37m    INFO[0m: [line: 399] Update exist case [None] [<pymongo.results.UpdateResult object at 0x1075239a0>]
23/10/23 19:06 [devmon]: [0;37m    INFO[0m: [line: 399] Update exist case [None] [<pymongo.results.UpdateResult object at 0x107530070>]
23/10/23 19:06 [devmon]: [0;37m    INFO[0m: [line: 399] Update exist case [None] [<pymongo.results.UpdateResult object at 0x1077d72b0>]
23/10/23 19:06 [devmon]: [0;37m    INFO[0m: [line: 399] Update exist case [None] [<pymongo.results.UpdateResult object at 0x1074da230>]
23/10/23 19:06 [devmon]: [0;37m    INFO[0m: [line: 399] Update exist case [None] [<pymongo.results.UpdateResult object at 0x1074d8c70>]
23/10/23 19:06 [devmon]: [0;37m    INFO[0m: [line: 399] Update exist case [None] [<pymongo.results.UpdateResult object at 0x107557130>]
23/10/23 19:06 [devmon]: [0;37m    INFO[0m: [line: 399] Update exist case [None] [<pymongo.results.UpdateResult object at 0x1074da3e0>]
23/10/23 19:06 [devmon]: [0;37m    INFO[0m: [line: 399] Update exist case [None] [<pymongo.results.UpdateResult object at 0x107d16140>]
23/10/23 19:06 [devmon]: [0;37m    INFO[0m: [line: 399] Update exist case [None] [<pymongo.results.UpdateResult object at 0x1075579d0>]
23/10/23 19:06 [devmon]: [0;37m    INFO[0m: [line: 399] Update exist case [None] [<pymongo.results.UpdateResult object at 0x1075324d0>]
23/10/23 19:06 [devmon]: [0;37m    INFO[0m: [line: 399] Update exist case [None] [<pymongo.results.UpdateResult object at 0x1074da590>]
23/10/23 19:06 [devmon]: [0;37m    INFO[0m: [line: 399] Update exist case [None] [<pymongo.results.UpdateResult object at 0x1074d8d90>]
23/10/23 19:06 [devmon]: [0;37m    INFO[0m: [line: 399] Update exist case [None] [<pymongo.results.UpdateResult object at 0x107532c20>]
23/10/23 19:06 [devmon]: [0;37m    INFO[0m: [line: 399] Update exist case [None] [<pymongo.results.UpdateResult object at 0x1077f8790>]
23/10/23 19:06 [devmon]: [0;37m    INFO[0m: [line: 399] Update exist case [None] [<pymongo.results.UpdateResult object at 0x107532f50>]
23/10/23 19:06 [devmon]: [0;37m    INFO[0m: [line: 399] Update exist case [None] [<pymongo.results.UpdateResult object at 0x1077d63e0>]
23/10/23 19:06 [devmon]: [0;37m    INFO[0m: [line: 399] Update exist case [None] [<pymongo.results.UpdateResult object at 0x1077d6f50>]
23/10/23 19:06 [devmon]: [0;37m    INFO[0m: [line: 399] Update exist case [None] [<pymongo.results.UpdateResult object at 0x107533e50>]
23/10/23 19:06 [devmon]: [0;37m    INFO[0m: [line: 399] Update exist case [None] [<pymongo.results.UpdateResult object at 0x107554340>]
23/10/23 19:06 [devmon]: [0;37m    INFO[0m: [line: 399] Update exist case [None] [<pymongo.results.UpdateResult object at 0x107554280>]
23/10/23 19:06 [devmon]: [0;37m    INFO[0m: [line: 399] Update exist case [None] [<pymongo.results.UpdateResult object at 0x107554e20>]
23/10/23 19:06 [devmon]: [0;37m    INFO[0m: [line: 399] Update exist case [None] [<pymongo.results.UpdateResult object at 0x1075552a0>]
23/10/23 19:06 [devmon]: [0;37m    INFO[0m: [line: 399] Update exist case [None] [<pymongo.results.UpdateResult object at 0x107ce83a0>]
23/10/23 19:06 [devmon]: [0;37m    INFO[0m: [line: 399] Update exist case [None] [<pymongo.results.UpdateResult object at 0x107e60f70>]
23/10/23 19:06 [devmon]: [0;37m    INFO[0m: [line: 399] Update exist case [None] [<pymongo.results.UpdateResult object at 0x10786d180>]
23/10/23 19:06 [devmon]: [0;37m    INFO[0m: [line: 399] Update exist case [None] [<pymongo.results.UpdateResult object at 0x1077faec0>]
23/10/23 19:06 [devmon]: [0;37m    INFO[0m: [line: 399] Update exist case [None] [<pymongo.results.UpdateResult object at 0x107e61cc0>]
23/10/23 19:06 [devmon]: [0;37m    INFO[0m: [line: 399] Update exist case [None] [<pymongo.results.UpdateResult object at 0x1078394e0>]
23/10/23 19:06 [devmon]: [0;37m    INFO[0m: [line: 399] Update exist case [None] [<pymongo.results.UpdateResult object at 0x1074933a0>]
23/10/23 19:06 [devmon]: [0;37m    INFO[0m: [line: 399] Update exist case [None] [<pymongo.results.UpdateResult object at 0x107e84700>]
23/10/23 19:06 [devmon]: [0;37m    INFO[0m: [line: 399] Update exist case [None] [<pymongo.results.UpdateResult object at 0x1077d6890>]
23/10/23 19:06 [devmon]: [0;37m    INFO[0m: [line: 399] Update exist case [None] [<pymongo.results.UpdateResult object at 0x107d52320>]
23/10/23 19:06 [devmon]: [0;37m    INFO[0m: [line: 399] Update exist case [None] [<pymongo.results.UpdateResult object at 0x1077d7790>]
23/10/23 19:06 [devmon]: [0;37m    INFO[0m: [line: 399] Update exist case [None] [<pymongo.results.UpdateResult object at 0x1074d94b0>]
23/10/23 19:06 [devmon]: [0;37m    INFO[0m: [line: 399] Update exist case [None] [<pymongo.results.UpdateResult object at 0x1077d7a30>]
23/10/23 19:06 [devmon]: [0;37m    INFO[0m: [line: 399] Update exist case [None] [<pymongo.results.UpdateResult object at 0x107d156f0>]
23/10/23 19:06 [devmon]: [0;37m    INFO[0m: [line: 399] Update exist case [None] [<pymongo.results.UpdateResult object at 0x1077f8640>]
23/10/23 19:06 [devmon]: [0;37m    INFO[0m: [line: 399] Update exist case [None] [<pymongo.results.UpdateResult object at 0x107839d50>]
23/10/23 19:06 [devmon]: [0;37m    INFO[0m: [line: 399] Update exist case [None] [<pymongo.results.UpdateResult object at 0x107e98490>]
23/10/23 19:06 [devmon]: [0;37m    INFO[0m: [line: 399] Update exist case [None] [<pymongo.results.UpdateResult object at 0x107e481f0>]
23/10/23 19:06 [devmon]: [0;37m    INFO[0m: [line: 399] Update exist case [None] [<pymongo.results.UpdateResult object at 0x1074d9c90>]
23/10/23 19:06 [devmon]: [0;37m    INFO[0m: [line: 399] Update exist case [None] [<pymongo.results.UpdateResult object at 0x1077f9900>]
23/10/23 19:06 [devmon]: [0;37m    INFO[0m: [line: 399] Update exist case [None] [<pymongo.results.UpdateResult object at 0x1077f9ab0>]
23/10/23 19:06 [devmon]: [0;37m    INFO[0m: [line: 399] Update exist case [None] [<pymongo.results.UpdateResult object at 0x1074db5e0>]
23/10/23 19:06 [devmon]: [0;37m    INFO[0m: [line: 399] Update exist case [None] [<pymongo.results.UpdateResult object at 0x1077fa380>]
23/10/23 19:06 [devmon]: [0;37m    INFO[0m: [line: 399] Update exist case [None] [<pymongo.results.UpdateResult object at 0x107ce8af0>]
23/10/23 19:06 [devmon]: [0;37m    INFO[0m: [line: 399] Update exist case [None] [<pymongo.results.UpdateResult object at 0x10783b490>]
23/10/23 19:06 [devmon]: [0;37m    INFO[0m: [line: 399] Update exist case [None] [<pymongo.results.UpdateResult object at 0x107e634f0>]
23/10/23 19:06 [devmon]: [0;37m    INFO[0m: [line: 399] Update exist case [None] [<pymongo.results.UpdateResult object at 0x107493eb0>]
23/10/23 19:06 [devmon]: [0;37m    INFO[0m: [line: 399] Update exist case [None] [<pymongo.results.UpdateResult object at 0x107cebc10>]
23/10/23 19:06 [devmon]: [0;37m    INFO[0m: [line: 399] Update exist case [None] [<pymongo.results.UpdateResult object at 0x107530cd0>]
23/10/23 19:06 [devmon]: [0;37m    INFO[0m: [line: 399] Update exist case [None] [<pymongo.results.UpdateResult object at 0x107531330>]
23/10/23 19:06 [devmon]: [0;37m    INFO[0m: [line: 399] Update exist case [None] [<pymongo.results.UpdateResult object at 0x1077fb850>]
23/10/23 19:06 [devmon]: [0;37m    INFO[0m: [line: 399] Update exist case [None] [<pymongo.results.UpdateResult object at 0x107493c70>]
23/10/23 19:06 [devmon]: [0;37m    INFO[0m: [line: 399] Update exist case [None] [<pymongo.results.UpdateResult object at 0x1077fbd30>]
23/10/23 19:06 [devmon]: [0;37m    INFO[0m: [line: 399] Update exist case [None] [<pymongo.results.UpdateResult object at 0x1075322f0>]
23/10/23 19:06 [devmon]: [0;37m    INFO[0m: [line: 399] Update exist case [None] [<pymongo.results.UpdateResult object at 0x1078382b0>]
23/10/23 19:06 [devmon]: [0;37m    INFO[0m: [line: 399] Update exist case [None] [<pymongo.results.UpdateResult object at 0x107521ed0>]
23/10/23 19:06 [devmon]: [0;37m    INFO[0m: [line: 399] Update exist case [None] [<pymongo.results.UpdateResult object at 0x107e8cac0>]
23/10/23 19:06 [devmon]: [0;37m    INFO[0m: [line: 399] Update exist case [None] [<pymongo.results.UpdateResult object at 0x107cc8880>]
23/10/23 19:06 [devmon]: [0;37m    INFO[0m: [line: 399] Update exist case [None] [<pymongo.results.UpdateResult object at 0x107522260>]
23/10/23 19:06 [devmon]: [0;37m    INFO[0m: [line: 399] Update exist case [None] [<pymongo.results.UpdateResult object at 0x107cc9ae0>]
23/10/23 19:06 [devmon]: [0;37m    INFO[0m: [line: 399] Update exist case [None] [<pymongo.results.UpdateResult object at 0x107ccbe50>]
23/10/23 19:06 [devmon]: [0;37m    INFO[0m: [line: 399] Update exist case [None] [<pymongo.results.UpdateResult object at 0x107522620>]
23/10/23 19:06 [devmon]: [0;37m    INFO[0m: [line: 399] Update exist case [None] [<pymongo.results.UpdateResult object at 0x107522800>]
23/10/23 19:06 [devmon]: [0;37m    INFO[0m: [line: 399] Update exist case [None] [<pymongo.results.UpdateResult object at 0x107522bc0>]
23/10/23 19:06 [devmon]: [0;37m    INFO[0m: [line: 399] Update exist case [None] [<pymongo.results.UpdateResult object at 0x10786c070>]
23/10/23 19:06 [devmon]: [0;37m    INFO[0m: [line: 399] Update exist case [None] [<pymongo.results.UpdateResult object at 0x107522b30>]
23/10/23 19:06 [devmon]: [0;37m    INFO[0m: [line: 399] Update exist case [None] [<pymongo.results.UpdateResult object at 0x10786d570>]
23/10/23 19:06 [devmon]: [0;37m    INFO[0m: [line: 399] Update exist case [None] [<pymongo.results.UpdateResult object at 0x1077fbbb0>]
23/10/23 19:06 [devmon]: [0;37m    INFO[0m: [line: 399] Update exist case [None] [<pymongo.results.UpdateResult object at 0x10750b520>]
23/10/23 19:06 [devmon]: [0;37m    INFO[0m: [line: 399] Update exist case [None] [<pymongo.results.UpdateResult object at 0x10786da20>]
23/10/23 19:06 [devmon]: [0;37m    INFO[0m: [line: 399] Update exist case [None] [<pymongo.results.UpdateResult object at 0x107d15780>]
23/10/23 19:06 [devmon]: [0;37m    INFO[0m: [line: 399] Update exist case [None] [<pymongo.results.UpdateResult object at 0x107cca8c0>]
23/10/23 19:06 [devmon]: [0;37m    INFO[0m: [line: 399] Update exist case [None] [<pymongo.results.UpdateResult object at 0x107523b80>]
23/10/23 19:06 [devmon]: [0;37m    INFO[0m: [line: 399] Update exist case [None] [<pymongo.results.UpdateResult object at 0x107493a60>]
23/10/23 19:06 [devmon]: [0;37m    INFO[0m: [line: 399] Update exist case [None] [<pymongo.results.UpdateResult object at 0x107522fb0>]
23/10/23 19:06 [devmon]: [0;37m    INFO[0m: [line: 399] Update exist case [None] [<pymongo.results.UpdateResult object at 0x107ccb9a0>]
23/10/23 19:06 [devmon]: [0;37m    INFO[0m: [line: 399] Update exist case [None] [<pymongo.results.UpdateResult object at 0x107e8de40>]
23/10/23 19:06 [devmon]: [0;37m    INFO[0m: [line: 399] Update exist case [None] [<pymongo.results.UpdateResult object at 0x107493df0>]
23/10/23 19:06 [devmon]: [0;37m    INFO[0m: [line: 399] Update exist case [None] [<pymongo.results.UpdateResult object at 0x1077d7a00>]
23/10/23 19:06 [devmon]: [0;37m    INFO[0m: [line: 399] Update exist case [None] [<pymongo.results.UpdateResult object at 0x107d14880>]
23/10/23 19:06 [devmon]: [0;37m    INFO[0m: [line: 399] Update exist case [None] [<pymongo.results.UpdateResult object at 0x107d15210>]
23/10/23 19:06 [devmon]: [0;37m    INFO[0m: [line: 399] Update exist case [None] [<pymongo.results.UpdateResult object at 0x107508c10>]
23/10/23 19:06 [devmon]: [0;37m    INFO[0m: [line: 399] Update exist case [None] [<pymongo.results.UpdateResult object at 0x107cc8130>]
23/10/23 19:06 [devmon]: [0;37m    INFO[0m: [line: 399] Update exist case [None] [<pymongo.results.UpdateResult object at 0x107cc93c0>]
23/10/23 19:06 [devmon]: [0;37m    INFO[0m: [line: 399] Update exist case [None] [<pymongo.results.UpdateResult object at 0x1077d4a30>]
23/10/23 19:06 [devmon]: [0;37m    INFO[0m: [line: 399] Update exist case [None] [<pymongo.results.UpdateResult object at 0x1077f8970>]
23/10/23 19:06 [devmon]: [0;37m    INFO[0m: [line: 399] Update exist case [None] [<pymongo.results.UpdateResult object at 0x1077d48e0>]
23/10/23 19:06 [devmon]: [0;37m    INFO[0m: [line: 399] Update exist case [None] [<pymongo.results.UpdateResult object at 0x1077d5210>]
23/10/23 19:06 [devmon]: [0;37m    INFO[0m: [line: 399] Update exist case [None] [<pymongo.results.UpdateResult object at 0x107d176d0>]
23/10/23 19:06 [devmon]: [0;37m    INFO[0m: [line: 399] Update exist case [None] [<pymongo.results.UpdateResult object at 0x1077d5090>]
23/10/23 19:06 [devmon]: [0;37m    INFO[0m: [line: 399] Update exist case [None] [<pymongo.results.UpdateResult object at 0x107e84d30>]
23/10/23 19:06 [devmon]: [0;37m    INFO[0m: [line: 399] Update exist case [None] [<pymongo.results.UpdateResult object at 0x107d146d0>]
23/10/23 19:06 [devmon]: [0;37m    INFO[0m: [line: 399] Update exist case [None] [<pymongo.results.UpdateResult object at 0x1077d5cc0>]
23/10/23 19:06 [devmon]: [0;37m    INFO[0m: [line: 399] Update exist case [None] [<pymongo.results.UpdateResult object at 0x1077d4040>]
23/10/23 19:06 [devmon]: [0;37m    INFO[0m: [line: 399] Update exist case [None] [<pymongo.results.UpdateResult object at 0x107d17b80>]
23/10/23 19:06 [devmon]: [0;37m    INFO[0m: [line: 399] Update exist case [None] [<pymongo.results.UpdateResult object at 0x1077d60e0>]
23/10/23 19:06 [devmon]: [0;37m    INFO[0m: [line: 399] Update exist case [None] [<pymongo.results.UpdateResult object at 0x1077d43d0>]
23/10/23 19:06 [devmon]: [0;37m    INFO[0m: [line: 399] Update exist case [None] [<pymongo.results.UpdateResult object at 0x107d17d00>]
23/10/23 19:06 [devmon]: [0;37m    INFO[0m: [line: 399] Update exist case [None] [<pymongo.results.UpdateResult object at 0x107509b10>]
23/10/23 19:06 [devmon]: [0;37m    INFO[0m: [line: 399] Update exist case [None] [<pymongo.results.UpdateResult object at 0x10750bd90>]
23/10/23 19:06 [devmon]: [0;37m    INFO[0m: [line: 399] Update exist case [None] [<pymongo.results.UpdateResult object at 0x107eb05b0>]
23/10/23 19:06 [devmon]: [0;37m    INFO[0m: [line: 399] Update exist case [None] [<pymongo.results.UpdateResult object at 0x107eb0550>]
23/10/23 19:06 [devmon]: [0;37m    INFO[0m: [line: 399] Update exist case [None] [<pymongo.results.UpdateResult object at 0x107eb09d0>]
23/10/23 19:06 [devmon]: [0;37m    INFO[0m: [line: 399] Update exist case [None] [<pymongo.results.UpdateResult object at 0x1077d7e80>]
23/10/23 19:06 [devmon]: [0;37m    INFO[0m: [line: 399] Update exist case [None] [<pymongo.results.UpdateResult object at 0x10786d660>]
23/10/23 19:06 [devmon]: [0;37m    INFO[0m: [line: 399] Update exist case [None] [<pymongo.results.UpdateResult object at 0x10786ee90>]
23/10/23 19:06 [devmon]: [0;37m    INFO[0m: [line: 399] Update exist case [None] [<pymongo.results.UpdateResult object at 0x1077d53c0>]
23/10/23 19:06 [devmon]: [0;37m    INFO[0m: [line: 399] Update exist case [None] [<pymongo.results.UpdateResult object at 0x107523430>]
23/10/23 19:06 [devmon]: [0;37m    INFO[0m: [line: 399] Update exist case [None] [<pymongo.results.UpdateResult object at 0x1077d4a90>]
23/10/23 19:06 [devmon]: [0;37m    INFO[0m: [line: 399] Update exist case [None] [<pymongo.results.UpdateResult object at 0x1075237c0>]
23/10/23 19:06 [devmon]: [0;37m    INFO[0m: [line: 399] Update exist case [None] [<pymongo.results.UpdateResult object at 0x1075238b0>]
23/10/23 19:06 [devmon]: [0;37m    INFO[0m: [line: 399] Update exist case [None] [<pymongo.results.UpdateResult object at 0x107eb0f70>]
23/10/23 19:06 [devmon]: [0;37m    INFO[0m: [line: 399] Update exist case [None] [<pymongo.results.UpdateResult object at 0x107eb1c30>]
23/10/23 19:06 [devmon]: [0;37m    INFO[0m: [line: 399] Update exist case [None] [<pymongo.results.UpdateResult object at 0x1077d7370>]
23/10/23 19:06 [devmon]: [0;37m    INFO[0m: [line: 399] Update exist case [None] [<pymongo.results.UpdateResult object at 0x1075222c0>]
23/10/23 19:06 [devmon]: [0;37m    INFO[0m: [line: 399] Update exist case [None] [<pymongo.results.UpdateResult object at 0x10786f2b0>]
23/10/23 19:06 [devmon]: [0;37m    INFO[0m: [line: 399] Update exist case [None] [<pymongo.results.UpdateResult object at 0x107e85480>]
23/10/23 19:06 [devmon]: [0;37m    INFO[0m: [line: 399] Update exist case [None] [<pymongo.results.UpdateResult object at 0x107520a60>]
23/10/23 19:06 [devmon]: [0;37m    INFO[0m: [line: 399] Update exist case [None] [<pymongo.results.UpdateResult object at 0x107520a30>]
23/10/23 19:06 [devmon]: [0;37m    INFO[0m: [line: 399] Update exist case [None] [<pymongo.results.UpdateResult object at 0x107520160>]
23/10/23 19:06 [devmon]: [0;37m    INFO[0m: [line: 399] Update exist case [None] [<pymongo.results.UpdateResult object at 0x107522110>]
23/10/23 19:06 [devmon]: [0;37m    INFO[0m: [line: 399] Update exist case [None] [<pymongo.results.UpdateResult object at 0x107544b80>]
23/10/23 19:06 [devmon]: [0;37m    INFO[0m: [line: 399] Update exist case [None] [<pymongo.results.UpdateResult object at 0x10786ce80>]
23/10/23 19:06 [devmon]: [0;37m    INFO[0m: [line: 399] Update exist case [None] [<pymongo.results.UpdateResult object at 0x107493640>]
23/10/23 19:06 [devmon]: [0;37m    INFO[0m: [line: 399] Update exist case [None] [<pymongo.results.UpdateResult object at 0x10786d090>]
23/10/23 19:06 [devmon]: [0;37m    INFO[0m: [line: 399] Update exist case [None] [<pymongo.results.UpdateResult object at 0x1077d6620>]
23/10/23 19:06 [devmon]: [0;37m    INFO[0m: [line: 399] Update exist case [None] [<pymongo.results.UpdateResult object at 0x1077d5360>]
23/10/23 19:06 [devmon]: [0;37m    INFO[0m: [line: 399] Update exist case [None] [<pymongo.results.UpdateResult object at 0x105363370>]
23/10/23 19:06 [devmon]: [0;37m    INFO[0m: [line: 399] Update exist case [None] [<pymongo.results.UpdateResult object at 0x104d98a90>]
23/10/23 19:06 [devmon]: [0;37m    INFO[0m: [line: 399] Update exist case [None] [<pymongo.results.UpdateResult object at 0x1077d4310>]
23/10/23 19:06 [devmon]: [0;37m    INFO[0m: [line: 399] Update exist case [None] [<pymongo.results.UpdateResult object at 0x107522140>]
23/10/23 19:06 [devmon]: [0;37m    INFO[0m: [line: 399] Update exist case [None] [<pymongo.results.UpdateResult object at 0x1077d4b50>]
23/10/23 19:06 [devmon]: [0;37m    INFO[0m: [line: 399] Update exist case [None] [<pymongo.results.UpdateResult object at 0x1077d4ac0>]
23/10/23 19:06 [devmon]: [0;37m    INFO[0m: [line: 399] Update exist case [None] [<pymongo.results.UpdateResult object at 0x1077d5420>]
23/10/23 19:06 [devmon]: [0;37m    INFO[0m: [line: 399] Update exist case [None] [<pymongo.results.UpdateResult object at 0x107508bb0>]
23/10/23 19:06 [devmon]: [0;37m    INFO[0m: [line: 399] Update exist case [None] [<pymongo.results.UpdateResult object at 0x1077d5780>]
23/10/23 19:06 [devmon]: [0;37m    INFO[0m: [line: 399] Update exist case [None] [<pymongo.results.UpdateResult object at 0x1077d5b10>]
23/10/23 19:06 [devmon]: [0;37m    INFO[0m: [line: 399] Update exist case [None] [<pymongo.results.UpdateResult object at 0x1077d5720>]
23/10/23 19:06 [devmon]: [0;37m    INFO[0m: [line: 399] Update exist case [None] [<pymongo.results.UpdateResult object at 0x1077d4160>]
23/10/23 19:06 [devmon]: [0;37m    INFO[0m: [line: 399] Update exist case [None] [<pymongo.results.UpdateResult object at 0x10786c880>]
23/10/23 19:06 [devmon]: [0;37m    INFO[0m: [line: 399] Update exist case [None] [<pymongo.results.UpdateResult object at 0x10750ab60>]
23/10/23 19:06 [devmon]: [0;37m    INFO[0m: [line: 399] Update exist case [None] [<pymongo.results.UpdateResult object at 0x1075095d0>]
23/10/23 19:06 [devmon]: [0;37m    INFO[0m: [line: 399] Update exist case [None] [<pymongo.results.UpdateResult object at 0x1077d4c70>]
23/10/23 19:06 [devmon]: [0;37m    INFO[0m: [line: 399] Update exist case [None] [<pymongo.results.UpdateResult object at 0x1077d6dd0>]
23/10/23 19:06 [devmon]: [0;37m    INFO[0m: [line: 399] Update exist case [None] [<pymongo.results.UpdateResult object at 0x1077d75e0>]
23/10/23 19:06 [devmon]: [0;37m    INFO[0m: [line: 399] Update exist case [None] [<pymongo.results.UpdateResult object at 0x10750b700>]
23/10/23 19:06 [devmon]: [0;37m    INFO[0m: [line: 399] Update exist case [None] [<pymongo.results.UpdateResult object at 0x1077d7be0>]
23/10/23 19:06 [devmon]: [0;37m    INFO[0m: [line: 399] Update exist case [None] [<pymongo.results.UpdateResult object at 0x1077fb6a0>]
23/10/23 19:06 [devmon]: [0;37m    INFO[0m: [line: 399] Update exist case [None] [<pymongo.results.UpdateResult object at 0x1075205e0>]
23/10/23 19:06 [devmon]: [0;37m    INFO[0m: [line: 399] Update exist case [None] [<pymongo.results.UpdateResult object at 0x1077d44f0>]
23/10/23 19:06 [devmon]: [0;37m    INFO[0m: [line: 399] Update exist case [None] [<pymongo.results.UpdateResult object at 0x10786d240>]
23/10/23 19:06 [devmon]: [0;37m    INFO[0m: [line: 399] Update exist case [None] [<pymongo.results.UpdateResult object at 0x1075212a0>]
23/10/23 19:06 [devmon]: [0;37m    INFO[0m: [line: 399] Update exist case [None] [<pymongo.results.UpdateResult object at 0x107520100>]
23/10/23 19:06 [devmon]: [0;37m    INFO[0m: [line: 399] Update exist case [None] [<pymongo.results.UpdateResult object at 0x10786dd20>]
23/10/23 19:06 [devmon]: [0;37m    INFO[0m: [line: 399] Update exist case [None] [<pymongo.results.UpdateResult object at 0x1077f8850>]
23/10/23 19:06 [devmon]: [0;37m    INFO[0m: [line: 399] Update exist case [None] [<pymongo.results.UpdateResult object at 0x1077f89a0>]
23/10/23 19:06 [devmon]: [0;37m    INFO[0m: [line: 399] Update exist case [None] [<pymongo.results.UpdateResult object at 0x1075210c0>]
23/10/23 19:06 [devmon]: [0;37m    INFO[0m: [line: 399] Update exist case [None] [<pymongo.results.UpdateResult object at 0x10786f850>]
23/10/23 19:06 [devmon]: [0;37m    INFO[0m: [line: 399] Update exist case [None] [<pymongo.results.UpdateResult object at 0x1077f8e80>]
23/10/23 19:06 [devmon]: [0;37m    INFO[0m: [line: 399] Update exist case [None] [<pymongo.results.UpdateResult object at 0x1077f9810>]
23/10/23 19:06 [devmon]: [0;37m    INFO[0m: [line: 399] Update exist case [None] [<pymongo.results.UpdateResult object at 0x10786dc00>]
23/10/23 19:06 [devmon]: [0;37m    INFO[0m: [line: 399] Update exist case [None] [<pymongo.results.UpdateResult object at 0x1077f9c60>]
23/10/23 19:06 [devmon]: [0;37m    INFO[0m: [line: 399] Update exist case [None] [<pymongo.results.UpdateResult object at 0x107508880>]
23/10/23 19:06 [devmon]: [0;37m    INFO[0m: [line: 399] Update exist case [None] [<pymongo.results.UpdateResult object at 0x1075088e0>]
23/10/23 19:06 [devmon]: [0;37m    INFO[0m: [line: 399] Update exist case [None] [<pymongo.results.UpdateResult object at 0x107508b50>]
23/10/23 19:06 [devmon]: [0;37m    INFO[0m: [line: 399] Update exist case [None] [<pymongo.results.UpdateResult object at 0x1077d59c0>]
23/10/23 19:06 [devmon]: [0;37m    INFO[0m: [line: 399] Update exist case [None] [<pymongo.results.UpdateResult object at 0x1077faaa0>]
23/10/23 19:06 [devmon]: [0;37m    INFO[0m: [line: 399] Update exist case [None] [<pymongo.results.UpdateResult object at 0x1077d4ee0>]
23/10/23 19:06 [devmon]: [0;37m    INFO[0m: [line: 399] Update exist case [None] [<pymongo.results.UpdateResult object at 0x10786c1f0>]
23/10/23 19:06 [devmon]: [0;37m    INFO[0m: [line: 399] Update exist case [None] [<pymongo.results.UpdateResult object at 0x1077fb070>]
23/10/23 19:06 [devmon]: [0;37m    INFO[0m: [line: 399] Update exist case [None] [<pymongo.results.UpdateResult object at 0x10786cb50>]
23/10/23 19:06 [devmon]: [0;37m    INFO[0m: [line: 399] Update exist case [None] [<pymongo.results.UpdateResult object at 0x1077f8c40>]
23/10/23 19:06 [devmon]: [0;37m    INFO[0m: [line: 399] Update exist case [None] [<pymongo.results.UpdateResult object at 0x107509570>]
23/10/23 19:06 [devmon]: [0;37m    INFO[0m: [line: 399] Update exist case [None] [<pymongo.results.UpdateResult object at 0x1077d7d30>]
23/10/23 19:06 [devmon]: [0;37m    INFO[0m: [line: 399] Update exist case [None] [<pymongo.results.UpdateResult object at 0x10750b4c0>]
23/10/23 19:06 [devmon]: [0;37m    INFO[0m: [line: 399] Update exist case [None] [<pymongo.results.UpdateResult object at 0x107509540>]
23/10/23 19:06 [devmon]: [0;37m    INFO[0m: [line: 399] Update exist case [None] [<pymongo.results.UpdateResult object at 0x1077fbf10>]
23/10/23 19:06 [devmon]: [0;37m    INFO[0m: [line: 399] Update exist case [None] [<pymongo.results.UpdateResult object at 0x107509db0>]
23/10/23 19:06 [devmon]: [0;37m    INFO[0m: [line: 399] Update exist case [None] [<pymongo.results.UpdateResult object at 0x1077d5240>]
23/10/23 19:06 [devmon]: [0;37m    INFO[0m: [line: 399] Update exist case [None] [<pymongo.results.UpdateResult object at 0x107509e10>]
23/10/23 19:06 [devmon]: [0;37m    INFO[0m: [line: 399] Update exist case [None] [<pymongo.results.UpdateResult object at 0x1077d5840>]
23/10/23 19:06 [devmon]: [0;37m    INFO[0m: [line: 399] Update exist case [None] [<pymongo.results.UpdateResult object at 0x1077d4250>]
23/10/23 19:06 [devmon]: [0;37m    INFO[0m: [line: 399] Update exist case [None] [<pymongo.results.UpdateResult object at 0x1077d6110>]
23/10/23 19:06 [devmon]: [0;37m    INFO[0m: [line: 399] Update exist case [None] [<pymongo.results.UpdateResult object at 0x1077d6230>]
23/10/23 19:06 [devmon]: [0;37m    INFO[0m: [line: 399] Update exist case [None] [<pymongo.results.UpdateResult object at 0x107545750>]
23/10/23 19:06 [devmon]: [0;37m    INFO[0m: [line: 399] Update exist case [None] [<pymongo.results.UpdateResult object at 0x10750ada0>]
23/10/23 19:06 [devmon]: [0;37m    INFO[0m: [line: 399] Update exist case [None] [<pymongo.results.UpdateResult object at 0x1077d4100>]
23/10/23 19:06 [devmon]: [0;37m    INFO[0m: [line: 399] Update exist case [None] [<pymongo.results.UpdateResult object at 0x1077d7490>]
23/10/23 19:06 [devmon]: [0;37m    INFO[0m: [line: 399] Update exist case [None] [<pymongo.results.UpdateResult object at 0x10786d780>]
23/10/23 19:06 [devmon]: [0;37m    INFO[0m: [line: 399] Update exist case [None] [<pymongo.results.UpdateResult object at 0x10786d0c0>]
23/10/23 19:06 [devmon]: [0;37m    INFO[0m: [line: 399] Update exist case [None] [<pymongo.results.UpdateResult object at 0x1077d7460>]
23/10/23 19:06 [devmon]: [0;37m    INFO[0m: [line: 399] Update exist case [None] [<pymongo.results.UpdateResult object at 0x1077d6f80>]
23/10/23 19:06 [devmon]: [0;37m    INFO[0m: [line: 399] Update exist case [None] [<pymongo.results.UpdateResult object at 0x10750b7c0>]
23/10/23 19:06 [devmon]: [0;37m    INFO[0m: [line: 399] Update exist case [None] [<pymongo.results.UpdateResult object at 0x10786e080>]
23/10/23 19:06 [devmon]: [0;37m    INFO[0m: [line: 399] Update exist case [None] [<pymongo.results.UpdateResult object at 0x10786e0b0>]
23/10/23 19:06 [devmon]: [0;37m    INFO[0m: [line: 399] Update exist case [None] [<pymongo.results.UpdateResult object at 0x1075086a0>]
23/10/23 19:06 [devmon]: [0;37m    INFO[0m: [line: 399] Update exist case [None] [<pymongo.results.UpdateResult object at 0x10786f280>]
23/10/23 19:06 [devmon]: [0;37m    INFO[0m: [line: 399] Update exist case [None] [<pymongo.results.UpdateResult object at 0x1077d7ca0>]
23/10/23 19:06 [devmon]: [0;37m    INFO[0m: [line: 399] Update exist case [None] [<pymongo.results.UpdateResult object at 0x1077d5c00>]
23/10/23 19:06 [devmon]: [0;37m    INFO[0m: [line: 399] Update exist case [None] [<pymongo.results.UpdateResult object at 0x107544130>]
23/10/23 19:06 [devmon]: [0;37m    INFO[0m: [line: 399] Update exist case [None] [<pymongo.results.UpdateResult object at 0x1075080a0>]
23/10/23 19:06 [devmon]: [0;37m    INFO[0m: [line: 399] Update exist case [None] [<pymongo.results.UpdateResult object at 0x1077f8ee0>]
23/10/23 19:06 [devmon]: [0;37m    INFO[0m: [line: 399] Update exist case [None] [<pymongo.results.UpdateResult object at 0x1077f9660>]
23/10/23 19:06 [devmon]: [0;37m    INFO[0m: [line: 399] Update exist case [None] [<pymongo.results.UpdateResult object at 0x107508370>]
23/10/23 19:06 [devmon]: [0;37m    INFO[0m: [line: 399] Update exist case [None] [<pymongo.results.UpdateResult object at 0x1077d6560>]
23/10/23 19:06 [devmon]: [0;37m    INFO[0m: [line: 399] Update exist case [None] [<pymongo.results.UpdateResult object at 0x1077d42e0>]
23/10/23 19:06 [devmon]: [0;37m    INFO[0m: [line: 399] Update exist case [None] [<pymongo.results.UpdateResult object at 0x1077f8d30>]
23/10/23 19:06 [devmon]: [0;37m    INFO[0m: [line: 399] Update exist case [None] [<pymongo.results.UpdateResult object at 0x107493b80>]
23/10/23 19:06 [devmon]: [0;37m    INFO[0m: [line: 399] Update exist case [None] [<pymongo.results.UpdateResult object at 0x1077f8070>]
23/10/23 19:06 [devmon]: [0;37m    INFO[0m: [line: 399] Update exist case [None] [<pymongo.results.UpdateResult object at 0x1075090f0>]
23/10/23 19:06 [devmon]: [0;37m    INFO[0m: [line: 399] Update exist case [None] [<pymongo.results.UpdateResult object at 0x1077d4f40>]
23/10/23 19:06 [devmon]: [0;37m    INFO[0m: [line: 399] Update exist case [None] [<pymongo.results.UpdateResult object at 0x1077d6cb0>]
23/10/23 19:06 [devmon]: [0;37m    INFO[0m: [line: 399] Update exist case [None] [<pymongo.results.UpdateResult object at 0x1077f8d60>]
23/10/23 19:06 [devmon]: [0;37m    INFO[0m: [line: 399] Update exist case [None] [<pymongo.results.UpdateResult object at 0x1075099c0>]
23/10/23 19:06 [devmon]: [0;37m    INFO[0m: [line: 399] Update exist case [None] [<pymongo.results.UpdateResult object at 0x1077d5870>]
23/10/23 19:06 [devmon]: [0;37m    INFO[0m: [line: 399] Update exist case [None] [<pymongo.results.UpdateResult object at 0x1077fbd60>]
23/10/23 19:06 [devmon]: [0;37m    INFO[0m: [line: 399] Update exist case [None] [<pymongo.results.UpdateResult object at 0x1077fb8e0>]
23/10/23 19:06 [devmon]: [0;37m    INFO[0m: [line: 399] Update exist case [None] [<pymongo.results.UpdateResult object at 0x10750a170>]
23/10/23 19:06 [devmon]: [0;37m    INFO[0m: [line: 399] Update exist case [None] [<pymongo.results.UpdateResult object at 0x1077f9450>]
23/10/23 19:06 [devmon]: [0;37m    INFO[0m: [line: 399] Update exist case [None] [<pymongo.results.UpdateResult object at 0x1077f94b0>]
23/10/23 19:06 [devmon]: [0;37m    INFO[0m: [line: 399] Update exist case [None] [<pymongo.results.UpdateResult object at 0x10750a200>]
23/10/23 19:06 [devmon]: [0;37m    INFO[0m: [line: 399] Update exist case [None] [<pymongo.results.UpdateResult object at 0x1077d6710>]
23/10/23 19:06 [devmon]: [0;37m    INFO[0m: [line: 399] Update exist case [None] [<pymongo.results.UpdateResult object at 0x10750a800>]
23/10/23 19:06 [devmon]: [0;37m    INFO[0m: [line: 399] Update exist case [None] [<pymongo.results.UpdateResult object at 0x1077d57e0>]
23/10/23 19:06 [devmon]: [0;37m    INFO[0m: [line: 399] Update exist case [None] [<pymongo.results.UpdateResult object at 0x1077d56c0>]
23/10/23 19:06 [devmon]: [0;37m    INFO[0m: [line: 399] Update exist case [None] [<pymongo.results.UpdateResult object at 0x10750b1f0>]
23/10/23 19:06 [devmon]: [0;37m    INFO[0m: [line: 399] Update exist case [None] [<pymongo.results.UpdateResult object at 0x1077fbbe0>]
23/10/23 19:06 [devmon]: [0;37m    INFO[0m: [line: 399] Update exist case [None] [<pymongo.results.UpdateResult object at 0x1077f8430>]
23/10/23 19:06 [devmon]: [0;37m    INFO[0m: [line: 399] Update exist case [None] [<pymongo.results.UpdateResult object at 0x1077f81f0>]
23/10/23 19:06 [devmon]: [0;37m    INFO[0m: [line: 399] Update exist case [None] [<pymongo.results.UpdateResult object at 0x1077d7280>]
23/10/23 19:06 [devmon]: [0;37m    INFO[0m: [line: 399] Update exist case [None] [<pymongo.results.UpdateResult object at 0x1077d4bb0>]
23/10/23 19:06 [devmon]: [0;37m    INFO[0m: [line: 399] Update exist case [None] [<pymongo.results.UpdateResult object at 0x1077d7940>]
23/10/23 19:06 [devmon]: [0;37m    INFO[0m: [line: 399] Update exist case [None] [<pymongo.results.UpdateResult object at 0x1077d6e30>]
23/10/23 19:06 [devmon]: [0;37m    INFO[0m: [line: 399] Update exist case [None] [<pymongo.results.UpdateResult object at 0x1077f8310>]
23/10/23 19:06 [devmon]: [0;37m    INFO[0m: [line: 399] Update exist case [None] [<pymongo.results.UpdateResult object at 0x1077d7100>]
23/10/23 19:06 [devmon]: [0;37m    INFO[0m: [line: 399] Update exist case [None] [<pymongo.results.UpdateResult object at 0x1077d7430>]
23/10/23 19:06 [devmon]: [0;37m    INFO[0m: [line: 399] Update exist case [None] [<pymongo.results.UpdateResult object at 0x1077f8280>]
23/10/23 19:06 [devmon]: [0;37m    INFO[0m: [line: 399] Update exist case [None] [<pymongo.results.UpdateResult object at 0x10750b6d0>]
23/10/23 19:06 [devmon]: [0;37m    INFO[0m: [line: 399] Update exist case [None] [<pymongo.results.UpdateResult object at 0x1077f84c0>]
23/10/23 19:06 [devmon]: [0;37m    INFO[0m: [line: 399] Update exist case [None] [<pymongo.results.UpdateResult object at 0x1077fbd00>]
23/10/23 19:06 [devmon]: [0;37m    INFO[0m: [line: 399] Update exist case [None] [<pymongo.results.UpdateResult object at 0x1077d5810>]
23/10/23 19:06 [devmon]: [0;37m    INFO[0m: [line: 399] Update exist case [None] [<pymongo.results.UpdateResult object at 0x1077d5900>]
23/10/23 19:06 [devmon]: [0;37m    INFO[0m: [line: 399] Update exist case [None] [<pymongo.results.UpdateResult object at 0x10750b160>]
23/10/23 19:06 [devmon]: [0;37m    INFO[0m: [line: 399] Update exist case [None] [<pymongo.results.UpdateResult object at 0x1077d61a0>]
23/10/23 19:06 [devmon]: [0;37m    INFO[0m: [line: 399] Update exist case [None] [<pymongo.results.UpdateResult object at 0x1077d5c90>]
23/10/23 19:06 [devmon]: [0;37m    INFO[0m: [line: 399] Update exist case [None] [<pymongo.results.UpdateResult object at 0x1075091e0>]
23/10/23 19:06 [devmon]: [0;37m    INFO[0m: [line: 399] Update exist case [None] [<pymongo.results.UpdateResult object at 0x1077d4550>]
23/10/23 19:06 [devmon]: [0;37m    INFO[0m: [line: 399] Update exist case [None] [<pymongo.results.UpdateResult object at 0x1077fbcd0>]
23/10/23 19:06 [devmon]: [0;37m    INFO[0m: [line: 399] Update exist case [None] [<pymongo.results.UpdateResult object at 0x1077fb160>]
23/10/23 19:06 [devmon]: [0;37m    INFO[0m: [line: 399] Update exist case [None] [<pymongo.results.UpdateResult object at 0x1077d7af0>]
23/10/23 19:06 [devmon]: [0;37m    INFO[0m: [line: 399] Update exist case [None] [<pymongo.results.UpdateResult object at 0x1077d6200>]
23/10/23 19:06 [devmon]: [0;37m    INFO[0m: [line: 399] Update exist case [None] [<pymongo.results.UpdateResult object at 0x1077faa10>]
23/10/23 19:06 [devmon]: [0;37m    INFO[0m: [line: 399] Update exist case [None] [<pymongo.results.UpdateResult object at 0x1077d7850>]
23/10/23 19:06 [devmon]: [0;37m    INFO[0m: [line: 399] Update exist case [None] [<pymongo.results.UpdateResult object at 0x107493580>]
23/10/23 19:06 [devmon]: [0;37m    INFO[0m: [line: 399] Update exist case [None] [<pymongo.results.UpdateResult object at 0x1077fb9a0>]
23/10/23 19:06 [devmon]: [0;37m    INFO[0m: [line: 399] Update exist case [None] [<pymongo.results.UpdateResult object at 0x1077fb250>]
23/10/23 19:06 [devmon]: [0;37m    INFO[0m: [line: 399] Update exist case [None] [<pymongo.results.UpdateResult object at 0x1077f86a0>]
23/10/23 19:06 [devmon]: [0;37m    INFO[0m: [line: 399] Update exist case [None] [<pymongo.results.UpdateResult object at 0x1077f8d00>]
23/10/23 19:06 [devmon]: [0;37m    INFO[0m: [line: 399] Update exist case [None] [<pymongo.results.UpdateResult object at 0x1077fb340>]
23/10/23 19:06 [devmon]: [0;37m    INFO[0m: [line: 399] Update exist case [None] [<pymongo.results.UpdateResult object at 0x1077f8160>]
23/10/23 19:06 [devmon]: [0;37m    INFO[0m: [line: 399] Update exist case [None] [<pymongo.results.UpdateResult object at 0x1077d6290>]
23/10/23 19:06 [devmon]: [0;37m    INFO[0m: [line: 399] Update exist case [None] [<pymongo.results.UpdateResult object at 0x107493d60>]
23/10/23 19:06 [devmon]: [0;37m    INFO[0m: [line: 399] Update exist case [None] [<pymongo.results.UpdateResult object at 0x1077f9570>]
23/10/23 19:06 [devmon]: [0;37m    INFO[0m: [line: 399] Update exist case [None] [<pymongo.results.UpdateResult object at 0x1077f96c0>]
23/10/23 19:06 [devmon]: [0;37m    INFO[0m: [line: 399] Update exist case [None] [<pymongo.results.UpdateResult object at 0x1077f9360>]
23/10/23 19:06 [devmon]: [0;37m    INFO[0m: [line: 399] Update exist case [None] [<pymongo.results.UpdateResult object at 0x1077f9390>]
23/10/23 19:06 [devmon]: [0;37m    INFO[0m: [line: 399] Update exist case [None] [<pymongo.results.UpdateResult object at 0x1077fbe50>]
23/10/23 19:06 [devmon]: [0;37m    INFO[0m: [line: 399] Update exist case [None] [<pymongo.results.UpdateResult object at 0x1077fa350>]
23/10/23 19:06 [devmon]: [0;37m    INFO[0m: [line: 399] Update exist case [None] [<pymongo.results.UpdateResult object at 0x1077f9bd0>]
23/10/23 19:06 [devmon]: [0;37m    INFO[0m: [line: 399] Update exist case [None] [<pymongo.results.UpdateResult object at 0x1077fba30>]
23/10/23 19:06 [devmon]: [0;37m    INFO[0m: [line: 399] Update exist case [None] [<pymongo.results.UpdateResult object at 0x1077fb9d0>]
23/10/23 19:06 [devmon]: [0;37m    INFO[0m: [line: 399] Update exist case [None] [<pymongo.results.UpdateResult object at 0x1077fb220>]
23/10/23 19:06 [devmon]: [0;37m    INFO[0m: [line: 399] Update exist case [None] [<pymongo.results.UpdateResult object at 0x107493d30>]
23/10/23 19:06 [devmon]: [0;37m    INFO[0m: [line: 399] Update exist case [None] [<pymongo.results.UpdateResult object at 0x1074938e0>]
23/10/23 19:06 [devmon]: [0;37m    INFO[0m: [line: 399] Update exist case [None] [<pymongo.results.UpdateResult object at 0x1077f8460>]
23/10/23 19:06 [devmon]: [0;37m    INFO[0m: [line: 399] Update exist case [None] [<pymongo.results.UpdateResult object at 0x1077f9000>]
23/10/23 19:06 [devmon]: [0;37m    INFO[0m: [line: 399] Update exist case [None] [<pymongo.results.UpdateResult object at 0x1077d4220>]
23/10/23 19:06 [devmon]: [0;37m    INFO[0m: [line: 399] Update exist case [None] [<pymongo.results.UpdateResult object at 0x1077fb580>]
23/10/23 19:06 [devmon]: [0;37m    INFO[0m: [line: 399] Update exist case [None] [<pymongo.results.UpdateResult object at 0x107509a50>]
23/10/23 19:06 [devmon]: [0;37m    INFO[0m: [line: 399] Update exist case [None] [<pymongo.results.UpdateResult object at 0x1077fa740>]
23/10/23 19:06 [devmon]: [0;37m    INFO[0m: [line: 399] Update exist case [None] [<pymongo.results.UpdateResult object at 0x107509c90>]
23/10/23 19:06 [devmon]: [0;37m    INFO[0m: [line: 399] Update exist case [None] [<pymongo.results.UpdateResult object at 0x1077fbdf0>]
23/10/23 19:06 [devmon]: [0;37m    INFO[0m: [line: 399] Update exist case [None] [<pymongo.results.UpdateResult object at 0x1077fa170>]
23/10/23 19:06 [devmon]: [0;37m    INFO[0m: [line: 399] Update exist case [None] [<pymongo.results.UpdateResult object at 0x1077f8520>]
23/10/23 19:06 [devmon]: [0;37m    INFO[0m: [line: 399] Update exist case [None] [<pymongo.results.UpdateResult object at 0x107508be0>]
23/10/23 19:06 [devmon]: [0;37m    INFO[0m: [line: 399] Update exist case [None] [<pymongo.results.UpdateResult object at 0x107493dc0>]
23/10/23 19:06 [devmon]: [0;37m    INFO[0m: [line: 399] Update exist case [None] [<pymongo.results.UpdateResult object at 0x107508430>]
23/10/23 19:06 [devmon]: [0;37m    INFO[0m: [line: 399] Update exist case [None] [<pymongo.results.UpdateResult object at 0x1077face0>]
23/10/23 19:06 [devmon]: [0;37m    INFO[0m: [line: 399] Update exist case [None] [<pymongo.results.UpdateResult object at 0x1077d5510>]
23/10/23 19:06 [devmon]: [0;37m    INFO[0m: [line: 399] Update exist case [None] [<pymongo.results.UpdateResult object at 0x1077d65c0>]
23/10/23 19:06 [devmon]: [0;37m    INFO[0m: [line: 399] Update exist case [None] [<pymongo.results.UpdateResult object at 0x1077fa290>]
23/10/23 19:06 [devmon]: [0;37m    INFO[0m: [line: 399] Update exist case [None] [<pymongo.results.UpdateResult object at 0x1077fac80>]
23/10/23 19:06 [devmon]: [0;37m    INFO[0m: [line: 399] Update exist case [None] [<pymongo.results.UpdateResult object at 0x1077d77f0>]
23/10/23 19:06 [devmon]: [0;37m    INFO[0m: [line: 399] Update exist case [None] [<pymongo.results.UpdateResult object at 0x1074934f0>]
23/10/23 19:06 [devmon]: [0;37m    INFO[0m: [line: 399] Update exist case [None] [<pymongo.results.UpdateResult object at 0x1077d5f90>]
23/10/23 19:06 [devmon]: [0;37m    INFO[0m: [line: 399] Update exist case [None] [<pymongo.results.UpdateResult object at 0x1077d77c0>]
23/10/23 19:06 [devmon]: [0;37m    INFO[0m: [line: 399] Update exist case [None] [<pymongo.results.UpdateResult object at 0x107509f60>]
23/10/23 19:06 [devmon]: [0;37m    INFO[0m: [line: 399] Update exist case [None] [<pymongo.results.UpdateResult object at 0x1077f90c0>]
23/10/23 19:06 [devmon]: [0;37m    INFO[0m: [line: 399] Update exist case [None] [<pymongo.results.UpdateResult object at 0x1074935b0>]
23/10/23 19:06 [devmon]: [0;37m    INFO[0m: [line: 399] Update exist case [None] [<pymongo.results.UpdateResult object at 0x1074931c0>]
23/10/23 19:06 [devmon]: [0;37m    INFO[0m: [line: 399] Update exist case [None] [<pymongo.results.UpdateResult object at 0x1077d6680>]
23/10/23 19:06 [devmon]: [0;37m    INFO[0m: [line: 399] Update exist case [None] [<pymongo.results.UpdateResult object at 0x1077f8d90>]
23/10/23 19:06 [devmon]: [0;37m    INFO[0m: [line: 399] Update exist case [None] [<pymongo.results.UpdateResult object at 0x1077fb430>]
23/10/23 19:06 [devmon]: [0;37m    INFO[0m: [line: 399] Update exist case [None] [<pymongo.results.UpdateResult object at 0x1077d74f0>]
23/10/23 19:06 [devmon]: [0;37m    INFO[0m: [line: 399] Update exist case [None] [<pymongo.results.UpdateResult object at 0x10750ba00>]
23/10/23 19:06 [devmon]: [0;37m    INFO[0m: [line: 399] Update exist case [None] [<pymongo.results.UpdateResult object at 0x1077f86d0>]
23/10/23 19:06 [devmon]: [0;37m    INFO[0m: [line: 399] Update exist case [None] [<pymongo.results.UpdateResult object at 0x1077d5330>]
23/10/23 19:06 [devmon]: [0;37m    INFO[0m: [line: 399] Update exist case [None] [<pymongo.results.UpdateResult object at 0x107509000>]
23/10/23 19:06 [devmon]: [0;37m    INFO[0m: [line: 399] Update exist case [None] [<pymongo.results.UpdateResult object at 0x1077fb0d0>]
23/10/23 19:06 [devmon]: [0;37m    INFO[0m: [line: 399] Update exist case [None] [<pymongo.results.UpdateResult object at 0x1077d6e00>]
23/10/23 19:06 [devmon]: [0;37m    INFO[0m: [line: 399] Update exist case [None] [<pymongo.results.UpdateResult object at 0x107508670>]
23/10/23 19:06 [devmon]: [0;37m    INFO[0m: [line: 399] Update exist case [None] [<pymongo.results.UpdateResult object at 0x1077d45b0>]
23/10/23 19:06 [devmon]: [0;37m    INFO[0m: [line: 399] Update exist case [None] [<pymongo.results.UpdateResult object at 0x1077d6d70>]
23/10/23 19:06 [devmon]: [0;37m    INFO[0m: [line: 399] Update exist case [None] [<pymongo.results.UpdateResult object at 0x1077fb760>]
23/10/23 19:06 [devmon]: [0;37m    INFO[0m: [line: 399] Update exist case [None] [<pymongo.results.UpdateResult object at 0x1077d7dc0>]
23/10/23 19:06 [devmon]: [0;37m    INFO[0m: [line: 399] Update exist case [None] [<pymongo.results.UpdateResult object at 0x1077d73a0>]
23/10/23 19:06 [devmon]: [0;37m    INFO[0m: [line: 399] Update exist case [None] [<pymongo.results.UpdateResult object at 0x1077fac50>]
23/10/23 19:06 [devmon]: [0;37m    INFO[0m: [line: 399] Update exist case [None] [<pymongo.results.UpdateResult object at 0x107493d90>]
23/10/23 19:06 [devmon]: [0;37m    INFO[0m: [line: 399] Update exist case [None] [<pymongo.results.UpdateResult object at 0x1074939d0>]
23/10/23 19:06 [devmon]: [0;37m    INFO[0m: [line: 399] Update exist case [None] [<pymongo.results.UpdateResult object at 0x1074936a0>]
23/10/23 19:06 [devmon]: [0;37m    INFO[0m: [line: 399] Update exist case [None] [<pymongo.results.UpdateResult object at 0x1077fb130>]
23/10/23 19:06 [devmon]: [0;37m    INFO[0m: [line: 399] Update exist case [None] [<pymongo.results.UpdateResult object at 0x1077f95a0>]
23/10/23 19:06 [devmon]: [0;37m    INFO[0m: [line: 399] Update exist case [None] [<pymongo.results.UpdateResult object at 0x1077fa140>]
23/10/23 19:06 [devmon]: [0;37m    INFO[0m: [line: 399] Update exist case [None] [<pymongo.results.UpdateResult object at 0x1077f8cd0>]
23/10/23 19:06 [devmon]: [0;37m    INFO[0m: [line: 399] Update exist case [None] [<pymongo.results.UpdateResult object at 0x1077fbc10>]
23/10/23 19:06 [devmon]: [0;37m    INFO[0m: [line: 399] Update exist case [None] [<pymongo.results.UpdateResult object at 0x1077fba00>]
23/10/23 19:06 [devmon]: [0;37m    INFO[0m: [line: 399] Update exist case [None] [<pymongo.results.UpdateResult object at 0x1077f8b20>]
23/10/23 19:06 [devmon]: [0;37m    INFO[0m: [line: 399] Update exist case [None] [<pymongo.results.UpdateResult object at 0x1077faef0>]
23/10/23 19:06 [devmon]: [0;37m    INFO[0m: [line: 399] Update exist case [None] [<pymongo.results.UpdateResult object at 0x1077fa4d0>]
23/10/23 19:06 [devmon]: [0;37m    INFO[0m: [line: 399] Update exist case [None] [<pymongo.results.UpdateResult object at 0x1077f9b40>]
23/10/23 19:06 [devmon]: [0;37m    INFO[0m: [line: 399] Update exist case [None] [<pymongo.results.UpdateResult object at 0x1077fa260>]
23/10/23 19:06 [devmon]: [0;37m    INFO[0m: [line: 399] Update exist case [None] [<pymongo.results.UpdateResult object at 0x1077f9b10>]
23/10/23 19:06 [devmon]: [0;37m    INFO[0m: [line: 399] Update exist case [None] [<pymongo.results.UpdateResult object at 0x1077d5540>]
23/10/23 19:06 [devmon]: [0;37m    INFO[0m: [line: 399] Update exist case [None] [<pymongo.results.UpdateResult object at 0x1077d5960>]
23/10/23 19:06 [devmon]: [0;37m    INFO[0m: [line: 399] Update exist case [None] [<pymongo.results.UpdateResult object at 0x1077f9720>]
23/10/23 19:06 [devmon]: [0;37m    INFO[0m: [line: 399] Update exist case [None] [<pymongo.results.UpdateResult object at 0x1077fa500>]
23/10/23 19:06 [devmon]: [0;37m    INFO[0m: [line: 399] Update exist case [None] [<pymongo.results.UpdateResult object at 0x1077f9780>]
23/10/23 19:06 [devmon]: [0;37m    INFO[0m: [line: 399] Update exist case [None] [<pymongo.results.UpdateResult object at 0x1077f9c00>]
23/10/23 19:06 [devmon]: [0;37m    INFO[0m: [line: 399] Update exist case [None] [<pymongo.results.UpdateResult object at 0x1077d53f0>]
23/10/23 19:06 [devmon]: [0;37m    INFO[0m: [line: 399] Update exist case [None] [<pymongo.results.UpdateResult object at 0x1077fa440>]
23/10/23 19:06 [devmon]: [0;37m    INFO[0m: [line: 399] Update exist case [None] [<pymongo.results.UpdateResult object at 0x1077fb7c0>]
23/10/23 19:06 [devmon]: [0;37m    INFO[0m: [line: 399] Update exist case [None] [<pymongo.results.UpdateResult object at 0x1077f9c90>]
23/10/23 19:06 [devmon]: [0;37m    INFO[0m: [line: 399] Update exist case [None] [<pymongo.results.UpdateResult object at 0x1077faa70>]
23/10/23 19:06 [devmon]: [0;37m    INFO[0m: [line: 399] Update exist case [None] [<pymongo.results.UpdateResult object at 0x107493ac0>]
23/10/23 19:06 [devmon]: [0;37m    INFO[0m: [line: 399] Update exist case [None] [<pymongo.results.UpdateResult object at 0x1077fad10>]
23/10/23 19:06 [devmon]: [0;37m    INFO[0m: [line: 399] Update exist case [None] [<pymongo.results.UpdateResult object at 0x1077fb520>]
23/10/23 19:06 [devmon]: [0;37m    INFO[0m: [line: 399] Update exist case [None] [<pymongo.results.UpdateResult object at 0x1074932b0>]
23/10/23 19:06 [devmon]: [0;37m    INFO[0m: [line: 399] Update exist case [None] [<pymongo.results.UpdateResult object at 0x1074933d0>]
23/10/23 19:06 [devmon]: [0;37m    INFO[0m: [line: 399] Update exist case [None] [<pymongo.results.UpdateResult object at 0x1074934c0>]
23/10/23 19:06 [devmon]: [0;37m    INFO[0m: [line: 399] Update exist case [None] [<pymongo.results.UpdateResult object at 0x1074931f0>]
23/10/23 19:06 [devmon]: [0;37m    INFO[0m: [line: 399] Update exist case [None] [<pymongo.results.UpdateResult object at 0x1077fbe80>]
23/10/23 19:06 [devmon]: [0;37m    INFO[0m: [line: 399] Update exist case [None] [<pymongo.results.UpdateResult object at 0x1077fae00>]
23/10/23 19:06 [devmon]: [0;37m    INFO[0m: [line: 399] Update exist case [None] [<pymongo.results.UpdateResult object at 0x1077f84f0>]
23/10/23 19:06 [devmon]: [0;37m    INFO[0m: [line: 399] Update exist case [None] [<pymongo.results.UpdateResult object at 0x107493280>]
23/10/23 19:06 [devmon]: [0;37m    INFO[0m: [line: 399] Update exist case [None] [<pymongo.results.UpdateResult object at 0x107493940>]
23/10/23 19:06 [devmon]: [0;37m    INFO[0m: [line: 399] Update exist case [None] [<pymongo.results.UpdateResult object at 0x1074939a0>]
23/10/23 19:06 [devmon]: [0;37m    INFO[0m: [line: 399] Update exist case [None] [<pymongo.results.UpdateResult object at 0x1077fb3a0>]
23/10/23 19:06 [devmon]: [0;37m    INFO[0m: [line: 399] Update exist case [None] [<pymongo.results.UpdateResult object at 0x1077fb2b0>]
23/10/23 19:06 [devmon]: [0;37m    INFO[0m: [line: 399] Update exist case [None] [<pymongo.results.UpdateResult object at 0x1077f8370>]
23/10/23 19:06 [devmon]: [0;37m    INFO[0m: [line: 399] Update exist case [None] [<pymongo.results.UpdateResult object at 0x1077f9540>]
23/10/23 19:06 [devmon]: [0;37m    INFO[0m: [line: 399] Update exist case [None] [<pymongo.results.UpdateResult object at 0x1077f8e50>]
23/10/23 19:06 [devmon]: [0;37m    INFO[0m: [line: 399] Update exist case [None] [<pymongo.results.UpdateResult object at 0x1077f8bb0>]
23/10/23 19:06 [devmon]: [0;37m    INFO[0m: [line: 399] Update exist case [None] [<pymongo.results.UpdateResult object at 0x1077f8820>]
23/10/23 19:06 [devmon]: [0;37m    INFO[0m: [line: 399] Update exist case [None] [<pymongo.results.UpdateResult object at 0x1077f9870>]
23/10/23 19:06 [devmon]: [0;37m    INFO[0m: [line: 399] Update exist case [None] [<pymongo.results.UpdateResult object at 0x1077faf80>]
23/10/23 19:06 [devmon]: [0;37m    INFO[0m: [line: 399] Update exist case [None] [<pymongo.results.UpdateResult object at 0x107493820>]
23/10/23 19:06 [devmon]: [0;37m    INFO[0m: [line: 399] Update exist case [None] [<pymongo.results.UpdateResult object at 0x1077f80a0>]
23/10/23 19:06 [devmon]: [0;37m    INFO[0m: [line: 399] Update exist case [None] [<pymongo.results.UpdateResult object at 0x1077fb910>]
23/10/23 19:06 [devmon]: [0;37m    INFO[0m: [line: 399] Update exist case [None] [<pymongo.results.UpdateResult object at 0x1077f9ea0>]
23/10/23 19:06 [devmon]: [0;37m    INFO[0m: [line: 399] Update exist case [None] [<pymongo.results.UpdateResult object at 0x107493fd0>]
23/10/23 19:06 [devmon]: [0;37m    INFO[0m: [line: 399] Update exist case [None] [<pymongo.results.UpdateResult object at 0x1077f99c0>]
23/10/23 19:06 [devmon]: [0;37m    INFO[0m: [line: 399] Update exist case [None] [<pymongo.results.UpdateResult object at 0x1077fb550>]
23/10/23 19:06 [devmon]: [0;37m    INFO[0m: [line: 399] Update exist case [None] [<pymongo.results.UpdateResult object at 0x1077f9f30>]
23/10/23 19:06 [devmon]: [0;37m    INFO[0m: [line: 399] Update exist case [None] [<pymongo.results.UpdateResult object at 0x1077f8670>]
23/10/23 19:06 [devmon]: [0;37m    INFO[0m: [line: 399] Update exist case [None] [<pymongo.results.UpdateResult object at 0x1077fad70>]
23/10/23 19:06 [devmon]: [0;37m    INFO[0m: [line: 399] Update exist case [None] [<pymongo.results.UpdateResult object at 0x1077fa830>]
23/10/23 19:06 [devmon]: [0;37m    INFO[0m: [line: 399] Update exist case [None] [<pymongo.results.UpdateResult object at 0x107493910>]
23/10/23 19:06 [devmon]: [0;37m    INFO[0m: [line: 399] Update exist case [None] [<pymongo.results.UpdateResult object at 0x107493430>]
23/10/23 19:06 [devmon]: [0;37m    INFO[0m: [line: 399] Update exist case [None] [<pymongo.results.UpdateResult object at 0x1077fbb50>]
23/10/23 19:06 [devmon]: [0;37m    INFO[0m: [line: 399] Update exist case [None] [<pymongo.results.UpdateResult object at 0x1077d4640>]
23/10/23 19:06 [devmon]: [0;37m    INFO[0m: [line: 399] Update exist case [None] [<pymongo.results.UpdateResult object at 0x1077f98d0>]
23/10/23 19:06 [devmon]: [0;37m    INFO[0m: [line: 399] Update exist case [None] [<pymongo.results.UpdateResult object at 0x1077fbd90>]
23/10/23 19:06 [devmon]: [0;37m    INFO[0m: [line: 399] Update exist case [None] [<pymongo.results.UpdateResult object at 0x1077d6440>]
23/10/23 19:06 [devmon]: [0;37m    INFO[0m: [line: 399] Update exist case [None] [<pymongo.results.UpdateResult object at 0x1077f8250>]
23/10/23 19:06 [devmon]: [0;37m    INFO[0m: [line: 399] Update exist case [None] [<pymongo.results.UpdateResult object at 0x1077d5300>]
23/10/23 19:06 [devmon]: [0;37m    INFO[0m: [line: 399] Update exist case [None] [<pymongo.results.UpdateResult object at 0x1077d7f10>]
23/10/23 19:06 [devmon]: [0;37m    INFO[0m: [line: 399] Update exist case [None] [<pymongo.results.UpdateResult object at 0x1077f9930>]
23/10/23 19:06 [devmon]: [0;37m    INFO[0m: [line: 399] Update exist case [None] [<pymongo.results.UpdateResult object at 0x1077f9300>]
23/10/23 19:06 [devmon]: [0;37m    INFO[0m: [line: 399] Update exist case [None] [<pymongo.results.UpdateResult object at 0x107493610>]
23/10/23 19:06 [devmon]: [0;37m    INFO[0m: [line: 399] Update exist case [None] [<pymongo.results.UpdateResult object at 0x1077f9960>]
23/10/23 19:06 [devmon]: [0;37m    INFO[0m: [line: 399] Update exist case [None] [<pymongo.results.UpdateResult object at 0x1077d7610>]
23/10/23 19:06 [devmon]: [0;37m    INFO[0m: [line: 399] Update exist case [None] [<pymongo.results.UpdateResult object at 0x1077fac20>]
23/10/23 19:06 [devmon]: [0;37m    INFO[0m: [line: 399] Update exist case [None] [<pymongo.results.UpdateResult object at 0x107493ee0>]
23/10/23 19:06 [devmon]: [0;37m    INFO[0m: [line: 399] Update exist case [None] [<pymongo.results.UpdateResult object at 0x1077f98a0>]
23/10/23 19:06 [devmon]: [0;37m    INFO[0m: [line: 399] Update exist case [None] [<pymongo.results.UpdateResult object at 0x1077d7310>]
23/10/23 19:06 [devmon]: [0;37m    INFO[0m: [line: 399] Update exist case [None] [<pymongo.results.UpdateResult object at 0x1077f81c0>]
23/10/23 19:06 [devmon]: [0;37m    INFO[0m: [line: 399] Update exist case [None] [<pymongo.results.UpdateResult object at 0x1077fb1c0>]
23/10/23 19:06 [devmon]: [0;37m    INFO[0m: [line: 399] Update exist case [None] [<pymongo.results.UpdateResult object at 0x1077d7040>]
23/10/23 19:06 [devmon]: [0;37m    INFO[0m: [line: 399] Update exist case [None] [<pymongo.results.UpdateResult object at 0x1077f8df0>]
23/10/23 19:06 [devmon]: [0;37m    INFO[0m: [line: 399] Update exist case [None] [<pymongo.results.UpdateResult object at 0x1077d4580>]
23/10/23 19:06 [devmon]: [0;37m    INFO[0m: [line: 399] Update exist case [None] [<pymongo.results.UpdateResult object at 0x1077fa9b0>]
23/10/23 19:06 [devmon]: [0;37m    INFO[0m: [line: 399] Update exist case [None] [<pymongo.results.UpdateResult object at 0x1077fa9e0>]
23/10/23 19:06 [devmon]: [0;37m    INFO[0m: [line: 399] Update exist case [None] [<pymongo.results.UpdateResult object at 0x1077d5b70>]
23/10/23 19:06 [devmon]: [0;37m    INFO[0m: [line: 399] Update exist case [None] [<pymongo.results.UpdateResult object at 0x1077d5cf0>]
23/10/23 19:06 [devmon]: [0;37m    INFO[0m: [line: 399] Update exist case [None] [<pymongo.results.UpdateResult object at 0x1077d41c0>]
23/10/23 19:06 [devmon]: [0;37m    INFO[0m: [line: 399] Update exist case [None] [<pymongo.results.UpdateResult object at 0x1077f8a90>]
23/10/23 19:06 [devmon]: [0;37m    INFO[0m: [line: 399] Update exist case [None] [<pymongo.results.UpdateResult object at 0x1077faad0>]
23/10/23 19:06 [devmon]: [0;37m    INFO[0m: [line: 399] Update exist case [None] [<pymongo.results.UpdateResult object at 0x1077f9ae0>]
23/10/23 19:06 [devmon]: [0;37m    INFO[0m: [line: 399] Update exist case [None] [<pymongo.results.UpdateResult object at 0x1077fa590>]
23/10/23 19:06 [devmon]: [0;37m    INFO[0m: [line: 399] Update exist case [None] [<pymongo.results.UpdateResult object at 0x1074937f0>]
23/10/23 19:06 [devmon]: [0;37m    INFO[0m: [line: 399] Update exist case [None] [<pymongo.results.UpdateResult object at 0x1077fb790>]
23/10/23 19:06 [devmon]: [0;37m    INFO[0m: [line: 399] Update exist case [None] [<pymongo.results.UpdateResult object at 0x1077f9cf0>]
23/10/23 19:06 [devmon]: [0;37m    INFO[0m: [line: 399] Update exist case [None] [<pymongo.results.UpdateResult object at 0x1077f9cc0>]
23/10/23 19:06 [devmon]: [0;37m    INFO[0m: [line: 399] Update exist case [None] [<pymongo.results.UpdateResult object at 0x107493a90>]
23/10/23 19:06 [devmon]: [0;37m    INFO[0m: [line: 399] Update exist case [None] [<pymongo.results.UpdateResult object at 0x1077fa2c0>]
23/10/23 19:06 [devmon]: [0;37m    INFO[0m: [line: 399] Update exist case [None] [<pymongo.results.UpdateResult object at 0x107493850>]
23/10/23 19:06 [devmon]: [0;37m    INFO[0m: [line: 399] Update exist case [None] [<pymongo.results.UpdateResult object at 0x1077faf50>]
23/10/23 19:06 [devmon]: [0;37m    INFO[0m: [line: 399] Update exist case [None] [<pymongo.results.UpdateResult object at 0x1077fa680>]
23/10/23 19:06 [devmon]: [0;37m    INFO[0m: [line: 399] Update exist case [None] [<pymongo.results.UpdateResult object at 0x1077f90f0>]
23/10/23 19:06 [devmon]: [0;37m    INFO[0m: [line: 399] Update exist case [None] [<pymongo.results.UpdateResult object at 0x1077f9690>]
23/10/23 19:06 [devmon]: [0;37m    INFO[0m: [line: 399] Update exist case [None] [<pymongo.results.UpdateResult object at 0x1077f8a30>]
23/10/23 19:06 [devmon]: [0;37m    INFO[0m: [line: 399] Update exist case [None] [<pymongo.results.UpdateResult object at 0x1077f80d0>]
23/10/23 19:06 [devmon]: [0;37m    INFO[0m: [line: 399] Update exist case [None] [<pymongo.results.UpdateResult object at 0x1077f9990>]
23/10/23 19:06 [devmon]: [0;37m    INFO[0m: [line: 399] Update exist case [None] [<pymongo.results.UpdateResult object at 0x1077fb940>]
23/10/23 19:06 [devmon]: [0;37m    INFO[0m: [line: 399] Update exist case [None] [<pymongo.results.UpdateResult object at 0x1077fa8f0>]
23/10/23 19:06 [devmon]: [0;37m    INFO[0m: [line: 399] Update exist case [None] [<pymongo.results.UpdateResult object at 0x1077f8580>]
23/10/23 19:06 [devmon]: [0;37m    INFO[0m: [line: 399] Update exist case [None] [<pymongo.results.UpdateResult object at 0x1077f9150>]
23/10/23 19:06 [devmon]: [0;37m    INFO[0m: [line: 399] Update exist case [None] [<pymongo.results.UpdateResult object at 0x1077f8100>]
23/10/23 19:06 [devmon]: [0;37m    INFO[0m: [line: 399] Update exist case [None] [<pymongo.results.UpdateResult object at 0x1077f82e0>]
23/10/23 19:06 [devmon]: [0;37m    INFO[0m: [line: 399] Update exist case [None] [<pymongo.results.UpdateResult object at 0x1077fb6d0>]
23/10/23 19:06 [devmon]: [0;37m    INFO[0m: [line: 399] Update exist case [None] [<pymongo.results.UpdateResult object at 0x1077f93c0>]
23/10/23 19:06 [devmon]: [0;37m    INFO[0m: [line: 399] Update exist case [None] [<pymongo.results.UpdateResult object at 0x1077fb5e0>]
23/10/23 19:06 [devmon]: [0;37m    INFO[0m: [line: 399] Update exist case [None] [<pymongo.results.UpdateResult object at 0x1077fbca0>]
23/10/23 19:06 [devmon]: [0;37m    INFO[0m: [line: 399] Update exist case [None] [<pymongo.results.UpdateResult object at 0x1077fa110>]
23/10/23 19:06 [devmon]: [0;37m    INFO[0m: [line: 399] Update exist case [None] [<pymongo.results.UpdateResult object at 0x1077f92a0>]
23/10/23 19:06 [devmon]: [0;37m    INFO[0m: [line: 399] Update exist case [None] [<pymongo.results.UpdateResult object at 0x1077fa7d0>]
23/10/23 19:06 [devmon]: [0;37m    INFO[0m: [line: 876] All A side snmp cases inserted to MongoDB, spent 0.53 seconds.
23/10/23 19:06 [devmon]: [0;37m    INFO[0m: [line: 882] All B side snmp agents checked, spent 0.00 seconds.
23/10/23 19:06 [devmon]: [0;37m    INFO[0m: [line: 886] All B side snmp cases inserted to MongoDB, spent 0.00 seconds.
23/10/23 19:06 [devmon]: [1;31mCRITICAL[0m: [line: 684] Push case [895c4e06499390122b2c194691274a27e3166367], event [SNMP脚本监控平台-1-网卡状态-stf0网卡状态异常，请管理员关注。 阈值up(1)-1-Network Interface-stf0-当前值down(2)-Null_Resource_ID-localhost], type [alert] to rsyslog server failed.
23/10/23 19:06 [devmon]: [1;31mCRITICAL[0m: [line: 684] Push case [0da635a8af2743f0fec6829aaedf3a7e6542b281], event [SNMP脚本监控平台-1-网卡状态-XHC0网卡状态异常，请管理员关注。 阈值up(1)-1-Network Interface-XHC0-当前值down(2)-Null_Resource_ID-localhost], type [alert] to rsyslog server failed.
23/10/23 19:06 [devmon]: [1;31mCRITICAL[0m: [line: 684] Push case [99cb832efd6fd92182187df04a5d44383bd1bdce], event [SNMP脚本监控平台-1-存储设备使用率Table-/Library/Developer/CoreSimulator/Volumes/watchOS_20T253存储设备使用率Table异常，请管理员关注。 阈值80-100-1-Storage Used Percent-/Library/Developer/CoreSimulator/Volumes/watchOS_20T253-当前值91.60-Null_Resource_ID-localhost], type [alert] to rsyslog server failed.
23/10/23 19:06 [devmon]: [1;31mCRITICAL[0m: [line: 684] Push case [f61579a90731e4dde306863a4dcd807b8edda7ea], event [SNMP脚本监控平台-1-存储设备使用率Table-/System/Volumes/VM存储设备使用率Table异常，请管理员关注。 阈值80-100-1-Storage Used Percent-/System/Volumes/VM-当前值83.78-Null_Resource_ID-localhost], type [alert] to rsyslog server failed.
23/10/23 19:06 [devmon]: [1;31mCRITICAL[0m: [line: 684] Push case [73075e054084af7d6231e81064040ae13689584f], event [SNMP脚本监控平台-1-网卡状态-VHC128网卡状态异常，请管理员关注。 阈值up(1)-1-Network Interface-VHC128-当前值down(2)-Null_Resource_ID-localhost], type [alert] to rsyslog server failed.
23/10/23 19:06 [devmon]: [1;31mCRITICAL[0m: [line: 684] Push case [78a67873020863a231cf8cbc1b54f4dd18a705e2], event [SNMP脚本监控平台-1-网卡状态-gif0网卡状态异常，请管理员关注。 阈值up(1)-1-Network Interface-gif0-当前值down(2)-Null_Resource_ID-localhost], type [alert] to rsyslog server failed.
23/10/23 19:06 [devmon]: [1;31mCRITICAL[0m: [line: 684] Push case [b5640a1166285c57841c59bf062ce2c2efca63f3], event [SNMP脚本监控平台-1-网卡状态-br0网卡状态异常，请管理员关注。 阈值up(1)-1-Network Interface-br0-当前值down(2)-Null_Resource_ID-172.16.10.250], type [alert] to rsyslog server failed.
23/10/23 19:06 [devmon]: [1;31mCRITICAL[0m: [line: 684] Push case [4b673cedf478a4a98239d381e781218929fc4b58], event [SNMP脚本监控平台-1-存储设备使用率Table-/存储设备使用率Table异常，请管理员关注。 阈值80-100-1-Storage Used Percent-/-当前值83.78-Null_Resource_ID-localhost], type [alert] to rsyslog server failed.
23/10/23 19:06 [devmon]: [1;31mCRITICAL[0m: [line: 684] Push case [2e7ca7ffb5807e3966037b061c5c6da9d4522bb8], event [SNMP脚本监控平台-1-存储设备使用率Table-/Volumes/PyCharm存储设备使用率Table异常，请管理员关注。 阈值80-100-1-Storage Used Percent-/Volumes/PyCharm-当前值97.50-Null_Resource_ID-localhost], type [alert] to rsyslog server failed.
23/10/23 19:06 [devmon]: [1;31mCRITICAL[0m: [line: 684] Push case [d25ab29d9d78dcc6c93e63db1c7c610e5b2e699c], event [SNMP脚本监控平台-1-存储设备使用率Table-/Volumes/com.apple.TimeMachine.localsnapshots/Backups.backupdb/MacHome/2023-10-22-095804/MacOS - Data存储设备使用率Table异常，请管理员关注。 阈值80-100-1-Storage Used Percent-/Volumes/com.apple.TimeMachine.localsnapshots/Backups.backupdb/MacHome/2023-10-22-095804/MacOS - Data-当前值83.73-Null_Resource_ID-localhost], type [alert] to rsyslog server failed.
23/10/23 19:06 [devmon]: [1;31mCRITICAL[0m: [line: 684] Push case [ae52e1574de1c2d2b03cec7c3579088ac873e8ce], event [SNMP脚本监控平台-1-存储设备使用率Table-Physical memory存储设备使用率Table异常，请管理员关注。 阈值80-100-1-Storage Used Percent-Physical memory-当前值81.47-Null_Resource_ID-localhost], type [alert] to rsyslog server failed.
23/10/23 19:06 [devmon]: [1;31mCRITICAL[0m: [line: 684] Push case [7b66723581b2ed0af59ece2073e5784e952f6e6f], event [SNMP脚本监控平台-1-网卡状态-XHC1网卡状态异常，请管理员关注。 阈值up(1)-1-Network Interface-XHC1-当前值down(2)-Null_Resource_ID-localhost], type [alert] to rsyslog server failed.
23/10/23 19:06 [devmon]: [1;31mCRITICAL[0m: [line: 684] Push case [acf07dff046a81739b807a4f15c2fd09c5ce6275], event [SNMP脚本监控平台-1-存储设备使用率Table-/System/Volumes/Preboot存储设备使用率Table异常，请管理员关注。 阈值80-100-1-Storage Used Percent-/System/Volumes/Preboot-当前值83.78-Null_Resource_ID-localhost], type [alert] to rsyslog server failed.
23/10/23 19:06 [devmon]: [1;31mCRITICAL[0m: [line: 684] Push case [2b84d9390a12f7e955037c6d44e09b3e33246233], event [SNMP脚本监控平台-1-存储设备使用率Table-/Volumes/com.apple.TimeMachine.localsnapshots/Backups.backupdb/MacHome/2023-10-22-113236/MacOS - Data存储设备使用率Table异常，请管理员关注。 阈值80-100-1-Storage Used Percent-/Volumes/com.apple.TimeMachine.localsnapshots/Backups.backupdb/MacHome/2023-10-22-113236/MacOS - Data-当前值83.73-Null_Resource_ID-localhost], type [alert] to rsyslog server failed.
23/10/23 19:06 [devmon]: [1;31mCRITICAL[0m: [line: 684] Push case [11852b9a53fdf3da16099db4742062776d468835], event [SNMP脚本监控平台-1-网卡状态-ap1网卡状态异常，请管理员关注。 阈值up(1)-1-Network Interface-ap1-当前值down(2)-Null_Resource_ID-localhost], type [alert] to rsyslog server failed.
23/10/23 19:06 [devmon]: [1;31mCRITICAL[0m: [line: 684] Push case [63a3b36fb007af4561043724efcca1a153680c05], event [SNMP脚本监控平台-1-存储设备使用率Table-/dev存储设备使用率Table异常，请管理员关注。 阈值80-100-1-Storage Used Percent-/dev-当前值98.00-Null_Resource_ID-localhost], type [alert] to rsyslog server failed.
23/10/23 19:06 [devmon]: [1;31mCRITICAL[0m: [line: 684] Push case [fedba4e43e72562ee68224be8a08f27926a5e1d7], event [SNMP脚本监控平台-1-网卡状态-virbr0网卡状态异常，请管理员关注。 阈值up(1)-1-Network Interface-virbr0-当前值down(2)-Null_Resource_ID-172.16.10.250], type [alert] to rsyslog server failed.
23/10/23 19:06 [devmon]: [1;31mCRITICAL[0m: [line: 684] Push case [ea5b92de0e25c556b960f1abedbce85b78c9dddb], event [SNMP脚本监控平台-1-存储设备使用率Table-/System/Volumes/Update存储设备使用率Table异常，请管理员关注。 阈值80-100-1-Storage Used Percent-/System/Volumes/Update-当前值83.78-Null_Resource_ID-localhost], type [alert] to rsyslog server failed.
23/10/23 19:06 [devmon]: [1;31mCRITICAL[0m: [line: 684] Push case [522b59fd261af9d456c8ac0e8786ea60a75cdb85], event [SNMP脚本监控平台-1-网卡状态-XHC20网卡状态异常，请管理员关注。 阈值up(1)-1-Network Interface-XHC20-当前值down(2)-Null_Resource_ID-localhost], type [alert] to rsyslog server failed.
23/10/23 19:06 [devmon]: [1;31mCRITICAL[0m: [line: 684] Push case [73e6063dfb2aa3f6757340a13400ba8c1fa1ae0f], event [SNMP脚本监控平台-1-网卡状态-awdl0网卡状态异常，请管理员关注。 阈值up(1)-1-Network Interface-awdl0-当前值down(2)-Null_Resource_ID-localhost], type [alert] to rsyslog server failed.
23/10/23 19:06 [devmon]: [1;31mCRITICAL[0m: [line: 684] Push case [d958e94fb5e7beee83dbf54562baac24c145d984], event [SNMP脚本监控平台-1-存储设备使用率Table-/System/Volumes/Data存储设备使用率Table异常，请管理员关注。 阈值80-100-1-Storage Used Percent-/System/Volumes/Data-当前值83.78-Null_Resource_ID-localhost], type [alert] to rsyslog server failed.
